#-----------------------------------------------------------
# Vivado v2020.1 (64-bit)
# SW Build 2902540 on Wed May 27 19:54:49 MDT 2020
# IP Build 2902112 on Wed May 27 22:43:36 MDT 2020
# Start of session at: Thu Jun  3 19:40:46 2021
# Process ID: 9164
# Current directory: C:/Users/owen.gombas/Documents/dev/vhdl/src
# Command line: vivado.exe -gui_launcher_event rodinguilauncherevent15464 C:\Users\owen.gombas\Documents\dev\vhdl\src\sysnumapp_microcontroleur.xpr
# Log file: C:/Users/owen.gombas/Documents/dev/vhdl/src/vivado.log
# Journal file: C:/Users/owen.gombas/Documents/dev/vhdl/src\vivado.jou
#-----------------------------------------------------------
start_gui
open_project C:/Users/owen.gombas/Documents/dev/vhdl/src/sysnumapp_microcontroleur.xpr
Scanning sources...
Finished scanning sources
WARNING: [filemgmt 56-3] IPUserFilesDir: Could not find the directory 'C:/Users/owen.gombas/Documents/dev/vhdl/sysnumapp_microcontroleur.ip_user_files'.
INFO: [IP_Flow 19-234] Refreshing IP repositories
INFO: [IP_Flow 19-1704] No user IP repositories specified
INFO: [IP_Flow 19-2313] Loaded Vivado IP repository 'C:/Xilinx/Vivado/2020.1/data/ip'.
open_project: Time (s): cpu = 00:00:18 ; elapsed = 00:00:11 . Memory (MB): peak = 1021.855 ; gain = 0.000
update_compile_order -fileset sources_1
exit
INFO: [Common 17-206] Exiting Vivado at Thu Jun  3 22:23:56 2021...
