#-----------------------------------------------------------
# Vivado v2020.1 (64-bit)
# SW Build 2902540 on Wed May 27 19:54:49 MDT 2020
# IP Build 2902112 on Wed May 27 22:43:36 MDT 2020
# Start of session at: Sat May 29 20:36:04 2021
# Process ID: 12216
# Current directory: C:/sysnum/sysnumapp_microcontroleur/src
# Command line: vivado.exe -gui_launcher_event rodinguilauncherevent14208 C:\sysnum\sysnumapp_microcontroleur\src\sysnumapp_microcontroleur.xpr
# Log file: C:/sysnum/sysnumapp_microcontroleur/src/vivado.log
# Journal file: C:/sysnum/sysnumapp_microcontroleur/src\vivado.jou
#-----------------------------------------------------------
start_gui
open_project C:/sysnum/sysnumapp_microcontroleur/src/sysnumapp_microcontroleur.xpr
Scanning sources...
Finished scanning sources
INFO: [IP_Flow 19-234] Refreshing IP repositories
INFO: [IP_Flow 19-1704] No user IP repositories specified
INFO: [IP_Flow 19-2313] Loaded Vivado IP repository 'C:/Xilinx/Vivado/2020.1/data/ip'.
open_project: Time (s): cpu = 00:00:17 ; elapsed = 00:00:10 . Memory (MB): peak = 1096.883 ; gain = 0.000
update_compile_order -fileset sources_1
exit
INFO: [Common 17-206] Exiting Vivado at Sat May 29 21:48:10 2021...
