#-----------------------------------------------------------
# Vivado v2020.1 (64-bit)
# SW Build 2902540 on Wed May 27 19:54:49 MDT 2020
# IP Build 2902112 on Wed May 27 22:43:36 MDT 2020
# Start of session at: Thu May 20 09:19:51 2021
# Process ID: 6292
# Current directory: C:/Users/owen.gombas/Desktop/vhdl/src
# Command line: vivado.exe -gui_launcher_event rodinguilauncherevent10244 C:\Users\owen.gombas\Desktop\vhdl\src\sysnumapp_microcontroleur.xpr
# Log file: C:/Users/owen.gombas/Desktop/vhdl/src/vivado.log
# Journal file: C:/Users/owen.gombas/Desktop/vhdl/src\vivado.jou
#-----------------------------------------------------------
start_gui
open_project C:/Users/owen.gombas/Desktop/vhdl/src/sysnumapp_microcontroleur.xpr
INFO: [Project 1-313] Project file moved from 'C:/sysnum/sysnumapp_microcontroleur' since last save.
Scanning sources...
Finished scanning sources
WARNING: [filemgmt 56-2] IPUserFilesDir: Could not find the directory 'C:/Users/owen.gombas/Desktop/vhdl/src/sysnumapp_microcontroleur.ip_user_files', nor could it be found using path 'C:/sysnum/sysnumapp_microcontroleur/sysnumapp_microcontroleur.ip_user_files'.
INFO: [IP_Flow 19-234] Refreshing IP repositories
INFO: [IP_Flow 19-1704] No user IP repositories specified
INFO: [IP_Flow 19-2313] Loaded Vivado IP repository 'C:/Xilinx/Vivado/2020.1/data/ip'.
open_project: Time (s): cpu = 00:00:32 ; elapsed = 00:00:20 . Memory (MB): peak = 1020.836 ; gain = 0.000
exit
INFO: [Common 17-206] Exiting Vivadoexit
INFO: [Common 17-206] Exiting Vivado at Thu May 20 09:47:48 2021...
